c:\users\grich\source\repos\spaceinvaders\spaceinvaders\release\spaceinvaders.pch
c:\users\grich\source\repos\spaceinvaders\spaceinvaders\release\vc141.pdb
c:\users\grich\source\repos\spaceinvaders\spaceinvaders\release\stdafx.obj
c:\users\grich\source\repos\spaceinvaders\spaceinvaders\release\textpanel.obj
c:\users\grich\source\repos\spaceinvaders\spaceinvaders\release\stringbuilder.obj
c:\users\grich\source\repos\spaceinvaders\spaceinvaders\release\spaceinvaders.obj
c:\users\grich\source\repos\spaceinvaders\spaceinvaders\release\mainmenu.obj
c:\users\grich\source\repos\spaceinvaders\spaceinvaders\release\inputmenu.obj
c:\users\grich\source\repos\spaceinvaders\spaceinvaders\release\gconsole.obj
c:\users\grich\source\repos\spaceinvaders\spaceinvaders\release\gcbstyle.obj
c:\users\grich\source\repos\spaceinvaders\spaceinvaders\release\consolecomponent.obj
c:\users\grich\source\repos\spaceinvaders\release\spaceinvaders.exe
c:\users\grich\source\repos\spaceinvaders\release\spaceinvaders.pdb
c:\users\grich\source\repos\spaceinvaders\release\spaceinvaders.ipdb
c:\users\grich\source\repos\spaceinvaders\release\spaceinvaders.iobj
c:\users\grich\source\repos\spaceinvaders\spaceinvaders\release\spaceinvaders.tlog\cl.command.1.tlog
c:\users\grich\source\repos\spaceinvaders\spaceinvaders\release\spaceinvaders.tlog\cl.read.1.tlog
c:\users\grich\source\repos\spaceinvaders\spaceinvaders\release\spaceinvaders.tlog\cl.write.1.tlog
c:\users\grich\source\repos\spaceinvaders\spaceinvaders\release\spaceinvaders.tlog\link.command.1.tlog
c:\users\grich\source\repos\spaceinvaders\spaceinvaders\release\spaceinvaders.tlog\link.read.1.tlog
c:\users\grich\source\repos\spaceinvaders\spaceinvaders\release\spaceinvaders.tlog\link.write.1.tlog
c:\users\grich\source\repos\spaceinvaders\spaceinvaders\release\spaceinvaders.tlog\spaceinvaders.write.1u.tlog
