c:\users\grich\source\repos\spaceinvaders\spaceinvaders\debug\spaceinvaders.pch
c:\users\grich\source\repos\spaceinvaders\spaceinvaders\debug\vc141.pdb
c:\users\grich\source\repos\spaceinvaders\spaceinvaders\debug\vc141.idb
c:\users\grich\source\repos\spaceinvaders\spaceinvaders\debug\stdafx.obj
c:\users\grich\source\repos\spaceinvaders\spaceinvaders\debug\consolecomponent.obj
c:\users\grich\source\repos\spaceinvaders\spaceinvaders\debug\gcbstyle.obj
c:\users\grich\source\repos\spaceinvaders\spaceinvaders\debug\gconsole.obj
c:\users\grich\source\repos\spaceinvaders\spaceinvaders\debug\inputmenu.obj
c:\users\grich\source\repos\spaceinvaders\spaceinvaders\debug\mainmenu.obj
c:\users\grich\source\repos\spaceinvaders\spaceinvaders\debug\spaceinvaders.obj
c:\users\grich\source\repos\spaceinvaders\spaceinvaders\debug\stringbuilder.obj
c:\users\grich\source\repos\spaceinvaders\spaceinvaders\debug\textpanel.obj
c:\users\grich\source\repos\spaceinvaders\debug\spaceinvaders.exe
c:\users\grich\source\repos\spaceinvaders\debug\spaceinvaders.ilk
c:\users\grich\source\repos\spaceinvaders\debug\spaceinvaders.pdb
c:\users\grich\source\repos\spaceinvaders\spaceinvaders\debug\spaceinvaders.tlog\cl.command.1.tlog
c:\users\grich\source\repos\spaceinvaders\spaceinvaders\debug\spaceinvaders.tlog\cl.read.1.tlog
c:\users\grich\source\repos\spaceinvaders\spaceinvaders\debug\spaceinvaders.tlog\cl.write.1.tlog
c:\users\grich\source\repos\spaceinvaders\spaceinvaders\debug\spaceinvaders.tlog\link.command.1.tlog
c:\users\grich\source\repos\spaceinvaders\spaceinvaders\debug\spaceinvaders.tlog\link.read.1.tlog
c:\users\grich\source\repos\spaceinvaders\spaceinvaders\debug\spaceinvaders.tlog\link.write.1.tlog
